
[29-Mar-2019 18:33:45]  [pool www] pid 7344
script_filename = /www/wwwroot/xiaolanlingjuan.cn/vip/index.php
[0x00007ff50dc026d0] file_get_contents() /www/wwwroot/xiaolanlingjuan.cn/vip/data/yhq.php:6
[0x00007ff50dc02218] +++ dump failed

[29-Mar-2019 20:07:05]  [pool www] pid 2347
script_filename = /www/wwwroot/xiaolanlingjuan.cn/vip/index.php
[0x00007ff50dc02798] file_get_contents() /www/wwwroot/xiaolanlingjuan.cn/vip/data/yhq.php:6
[0x00007ff50dc022e0] +++ dump failed

[29-Mar-2019 20:11:15]  [pool www] pid 17668
script_filename = /www/wwwroot/xiaolanlingjuan.cn/vip/index.php
[0x00007ff50dc02a08] file_get_contents() /www/wwwroot/xiaolanlingjuan.cn/vip/data/yhq.php:6
[0x00007ff50dc02550] +++ dump failed

[29-Mar-2019 20:14:55]  [pool www] pid 2347
script_filename = /www/wwwroot/xiaolanlingjuan.cn/vip/index.php
[0x00007ff50dc02a08] file_get_contents() /www/wwwroot/xiaolanlingjuan.cn/vip/data/yhq.php:6
[0x00007ff50dc02550] +++ dump failed

[29-Mar-2019 20:27:36]  [pool www] pid 2347
script_filename = /www/wwwroot/xiaolanlingjuan.cn/vip/index.php
[0x00007ff50dc02970] file_get_contents() /www/wwwroot/xiaolanlingjuan.cn/vip/data/yhq.php:6
[0x00007ff50dc024b8] +++ dump failed

[29-Mar-2019 21:56:36]  [pool www] pid 738
script_filename = /www/wwwroot/xiaolanlingjuan.cn/vip/index.php
[0x00007ff50dc02a00] file_get_contents() /www/wwwroot/xiaolanlingjuan.cn/vip/data/yhq.php:6
[0x00007ff50dc02548] +++ dump failed

[29-Mar-2019 23:38:27]  [pool www] pid 738
script_filename = /www/wwwroot/xiaolanlingjuan.cn/vip/index.php
[0x00007ff50dc02a00] file_get_contents() /www/wwwroot/xiaolanlingjuan.cn/vip/data/yhq.php:6
[0x00007ff50dc02548] +++ dump failed

[29-Mar-2019 23:39:27]  [pool www] pid 1369
script_filename = /www/wwwroot/xiaolanlingjuan.cn/vip/index.php
[0x00007ff50dc02650] file_get_contents() /www/wwwroot/xiaolanlingjuan.cn/vip/data/yhq.php:6
[0x00007ff50dc02198] +++ dump failed

[30-Mar-2019 22:10:05]  [pool www] pid 2341
script_filename = /www/wwwroot/xiaolanlingjuan.cn/vip/index.php
[0x00007ff50dc029c8] file_get_contents() /www/wwwroot/xiaolanlingjuan.cn/vip/data/yhq.php:6
[0x00007ff50dc02510] +++ dump failed

[30-Mar-2019 22:10:25]  [pool www] pid 28941
script_filename = /www/wwwroot/xiaolanlingjuan.cn/vip/index.php
[0x00007ff50dc029f8] file_get_contents() /www/wwwroot/xiaolanlingjuan.cn/vip/data/yhq.php:6
[0x00007ff50dc02540] +++ dump failed

[31-Mar-2019 22:18:44]  [pool www] pid 4826
script_filename = /www/wwwroot/xiaolanlingjuan.cn/vip/index.php
[0x00007ff50dc026d0] file_get_contents() /www/wwwroot/xiaolanlingjuan.cn/vip/data/yhq.php:6
[0x00007ff50dc02218] +++ dump failed

[31-Mar-2019 22:40:34]  [pool www] pid 7344
script_filename = /www/wwwroot/xiaolanlingjuan.cn/vip/index.php
[0x00007ff50dc029f8] file_get_contents() /www/wwwroot/xiaolanlingjuan.cn/vip/data/yhq.php:6
[0x00007ff50dc02540] +++ dump failed

[31-Mar-2019 22:55:44]  [pool www] pid 12218
script_filename = /www/wwwroot/xiaolanlingjuan.cn/vip/index.php
[0x00007ff50dc02a00] file_get_contents() /www/wwwroot/xiaolanlingjuan.cn/vip/data/yhq.php:6
[0x00007ff50dc02548] +++ dump failed

[01-Apr-2019 20:30:32]  [pool www] pid 4826
script_filename = /www/wwwroot/xiaolanlingjuan.cn/vip/index.php
[0x00007ff50dc02a38] file_get_contents() /www/wwwroot/xiaolanlingjuan.cn/vip/data/yhq.php:6
[0x00007ff50dc02580] +++ dump failed

[01-Apr-2019 20:30:42]  [pool www] pid 12217
script_filename = /www/wwwroot/xiaolanlingjuan.cn/vip/index.php
[0x00007ff50dc02a38] file_get_contents() /www/wwwroot/xiaolanlingjuan.cn/vip/data/yhq.php:6
[0x00007ff50dc02580] +++ dump failed

[01-Apr-2019 20:31:12]  [pool www] pid 17668
script_filename = /www/wwwroot/xiaolanlingjuan.cn/vip/index.php
[0x00007ff50dc02a38] file_get_contents() /www/wwwroot/xiaolanlingjuan.cn/vip/data/yhq.php:6
[0x00007ff50dc02580] +++ dump failed

[02-Apr-2019 11:43:28]  [pool www] pid 17668
script_filename = /www/wwwroot/xiaolanlingjuan.cn/vip/index.php
[0x00007ff50dc02a00] file_get_contents() /www/wwwroot/xiaolanlingjuan.cn/vip/data/yhq.php:6
[0x00007ff50dc02548] +++ dump failed
